1665050314958	geckodriver	INFO	Listening on 127.0.0.1:53950
1665050315470	mozrunner::runner	INFO	Running command: "/Applications/Firefox.app/Contents/MacOS/firefox-bin" "--marionette" "--remote-debugging-port" "53951" "--remote-allow-hosts" "localhost" "-foreground" "-no-remote" "-profile" "/var/folders/g4/jpzrpnj9299ffsqhd33y_qn00000gn/T/rust_mozprofile2OuduQ"
2022-10-06 15:28:36.109 plugin-container[9286:3751797] nil host used in call to allowsSpecificHTTPSCertificateForHost
2022-10-06 15:28:36.125 plugin-container[9286:3751797] nil host used in call to allowsAnyHTTPSCertificateForHost:
1665050316128	Marionette	INFO	Marionette enabled
2022-10-06 15:28:36.158 plugin-container[9286:3751797] nil host used in call to allowsSpecificHTTPSCertificateForHost
2022-10-06 15:28:36.158 plugin-container[9286:3751797] nil host used in call to allowsAnyHTTPSCertificateForHost:
2022-10-06 15:28:36.158 plugin-container[9286:3751825] nil host used in call to allowsSpecificHTTPSCertificateForHost
2022-10-06 15:28:36.158 plugin-container[9286:3751825] nil host used in call to allowsAnyHTTPSCertificateForHost:
1665050316376	Marionette	INFO	Listening on port 53962
Read port: 53962
WebDriver BiDi listening on ws://127.0.0.1:53951
1665050316515	RemoteAgent	WARN	TLS certificate errors will be ignored for this session
console.warn: SearchSettings: "get: No settings file exists, new profile?" (new NotFoundError("Could not open the file at /var/folders/g4/jpzrpnj9299ffsqhd33y_qn00000gn/T/rust_mozprofile2OuduQ/search.json.mozlz4", (void 0)))
DevTools listening on ws://127.0.0.1:53951/devtools/browser/6afa6239-dd39-4c59-a3e6-65fe8bcdeb9e
JavaScript warning: https://static-assets-web.flixcart.com/px/gNtTli3A/init.js, line 2: WEBGL_debug_renderer_info is deprecated in Firefox and will be removed. Please use RENDERER.
1665050660564	geckodriver	INFO	Listening on 127.0.0.1:55627
1665050661080	mozrunner::runner	INFO	Running command: "/Applications/Firefox.app/Contents/MacOS/firefox-bin" "--marionette" "--remote-debugging-port" "55628" "--remote-allow-hosts" "localhost" "-foreground" "-no-remote" "-profile" "/var/folders/g4/jpzrpnj9299ffsqhd33y_qn00000gn/T/rust_mozprofileVtno3t"
2022-10-06 15:34:21.594 plugin-container[9447:3755847] nil host used in call to allowsSpecificHTTPSCertificateForHost
2022-10-06 15:34:21.595 plugin-container[9447:3755847] nil host used in call to allowsAnyHTTPSCertificateForHost:
1665050661604	Marionette	INFO	Marionette enabled
2022-10-06 15:34:21.609 plugin-container[9447:3755847] nil host used in call to allowsSpecificHTTPSCertificateForHost
2022-10-06 15:34:21.609 plugin-container[9447:3755847] nil host used in call to allowsAnyHTTPSCertificateForHost:
2022-10-06 15:34:21.609 plugin-container[9447:3755849] nil host used in call to allowsSpecificHTTPSCertificateForHost
2022-10-06 15:34:21.609 plugin-container[9447:3755849] nil host used in call to allowsAnyHTTPSCertificateForHost:
1665050661642	Marionette	INFO	Listening on port 55639
Read port: 55639
WebDriver BiDi listening on ws://127.0.0.1:55628
1665050662021	RemoteAgent	WARN	TLS certificate errors will be ignored for this session
console.warn: SearchSettings: "get: No settings file exists, new profile?" (new NotFoundError("Could not open the file at /var/folders/g4/jpzrpnj9299ffsqhd33y_qn00000gn/T/rust_mozprofileVtno3t/search.json.mozlz4", (void 0)))
DevTools listening on ws://127.0.0.1:55628/devtools/browser/14c3da05-ea72-49cf-8007-ae84f2ccd75f
JavaScript warning: https://static-assets-web.flixcart.com/px/gNtTli3A/init.js, line 2: WEBGL_debug_renderer_info is deprecated in Firefox and will be removed. Please use RENDERER.
console.warn: LoginRecipes: "Falling back to a synchronous message for: https://www.flipkart.com."
1665051454684	geckodriver	INFO	Listening on 127.0.0.1:59675
1665051455197	mozrunner::runner	INFO	Running command: "/Applications/Firefox.app/Contents/MacOS/firefox-bin" "--marionette" "--remote-debugging-port" "59676" "--remote-allow-hosts" "localhost" "-foreground" "-no-remote" "-profile" "/var/folders/g4/jpzrpnj9299ffsqhd33y_qn00000gn/T/rust_mozprofilephlj1k"
2022-10-06 15:47:35.788 plugin-container[9852:3764483] nil host used in call to allowsSpecificHTTPSCertificateForHost
2022-10-06 15:47:35.788 plugin-container[9852:3764483] nil host used in call to allowsAnyHTTPSCertificateForHost:
2022-10-06 15:47:35.792 plugin-container[9852:3764483] nil host used in call to allowsSpecificHTTPSCertificateForHost
2022-10-06 15:47:35.792 plugin-container[9852:3764483] nil host used in call to allowsAnyHTTPSCertificateForHost:
2022-10-06 15:47:35.792 plugin-container[9852:3764481] nil host used in call to allowsSpecificHTTPSCertificateForHost
2022-10-06 15:47:35.792 plugin-container[9852:3764481] nil host used in call to allowsAnyHTTPSCertificateForHost:
1665051455799	Marionette	INFO	Marionette enabled
1665051455841	Marionette	INFO	Listening on port 59687
Read port: 59687
WebDriver BiDi listening on ws://127.0.0.1:59676
1665051456046	RemoteAgent	WARN	TLS certificate errors will be ignored for this session
console.warn: SearchSettings: "get: No settings file exists, new profile?" (new NotFoundError("Could not open the file at /var/folders/g4/jpzrpnj9299ffsqhd33y_qn00000gn/T/rust_mozprofilephlj1k/search.json.mozlz4", (void 0)))
DevTools listening on ws://127.0.0.1:59676/devtools/browser/8651e6df-4feb-43eb-9583-3877d38dad7f
JavaScript warning: https://static-assets-web.flixcart.com/px/gNtTli3A/init.js, line 2: WEBGL_debug_renderer_info is deprecated in Firefox and will be removed. Please use RENDERER.
console.warn: LoginRecipes: "Falling back to a synchronous message for: https://www.flipkart.com."
console.warn: LoginRecipes: "Falling back to a synchronous message for: https://www.flipkart.com."
1665051532271	Marionette	INFO	Stopped listening on port 59687
1665051721690	geckodriver	INFO	Listening on 127.0.0.1:61220
1665051721702	mozrunner::runner	INFO	Running command: "/Applications/Firefox.app/Contents/MacOS/firefox-bin" "--marionette" "--remote-debugging-port" "61221" "--remote-allow-hosts" "localhost" "-foreground" "-no-remote" "-profile" "/var/folders/g4/jpzrpnj9299ffsqhd33y_qn00000gn/T/rust_mozprofilekjt3JC"
2022-10-06 15:52:02.268 plugin-container[9988:3768057] nil host used in call to allowsSpecificHTTPSCertificateForHost
2022-10-06 15:52:02.269 plugin-container[9988:3768057] nil host used in call to allowsAnyHTTPSCertificateForHost:
2022-10-06 15:52:02.272 plugin-container[9988:3768057] nil host used in call to allowsSpecificHTTPSCertificateForHost
2022-10-06 15:52:02.272 plugin-container[9988:3768057] nil host used in call to allowsAnyHTTPSCertificateForHost:
2022-10-06 15:52:02.272 plugin-container[9988:3768064] nil host used in call to allowsSpecificHTTPSCertificateForHost
2022-10-06 15:52:02.272 plugin-container[9988:3768064] nil host used in call to allowsAnyHTTPSCertificateForHost:
1665051722282	Marionette	INFO	Marionette enabled
1665051722313	Marionette	INFO	Listening on port 61230
Read port: 61230
WebDriver BiDi listening on ws://127.0.0.1:61221
1665051722656	RemoteAgent	WARN	TLS certificate errors will be ignored for this session
console.warn: SearchSettings: "get: No settings file exists, new profile?" (new NotFoundError("Could not open the file at /var/folders/g4/jpzrpnj9299ffsqhd33y_qn00000gn/T/rust_mozprofilekjt3JC/search.json.mozlz4", (void 0)))
DevTools listening on ws://127.0.0.1:61221/devtools/browser/750c4ae8-addb-4cca-903c-a9cb4a0a4d3e
JavaScript warning: https://static-assets-web.flixcart.com/px/gNtTli3A/init.js, line 2: WEBGL_debug_renderer_info is deprecated in Firefox and will be removed. Please use RENDERER.
console.warn: LoginRecipes: "Falling back to a synchronous message for: https://www.flipkart.com."
console.warn: LoginRecipes: "Falling back to a synchronous message for: https://www.flipkart.com."
1665051878413	Marionette	INFO	Stopped listening on port 61230
JavaScript error: , line 0: TypeError: NetworkError when attempting to fetch resource.
1665112208266	geckodriver	INFO	Listening on 127.0.0.1:56205
1665112208766	mozrunner::runner	INFO	Running command: "/Applications/Firefox.app/Contents/MacOS/firefox-bin" "--marionette" "--remote-debugging-port" "56206" "--remote-allow-hosts" "localhost" "-foreground" "-no-remote" "-profile" "/var/folders/g4/jpzrpnj9299ffsqhd33y_qn00000gn/T/rust_mozprofileUeAkzY"
2022-10-07 08:40:09.354 plugin-container[12619:3832250] nil host used in call to allowsSpecificHTTPSCertificateForHost
2022-10-07 08:40:09.355 plugin-container[12619:3832250] nil host used in call to allowsAnyHTTPSCertificateForHost:
1665112209364	Marionette	INFO	Marionette enabled
2022-10-07 08:40:09.371 plugin-container[12619:3832250] nil host used in call to allowsSpecificHTTPSCertificateForHost
2022-10-07 08:40:09.371 plugin-container[12619:3832250] nil host used in call to allowsAnyHTTPSCertificateForHost:
2022-10-07 08:40:09.372 plugin-container[12619:3832276] nil host used in call to allowsSpecificHTTPSCertificateForHost
2022-10-07 08:40:09.372 plugin-container[12619:3832276] nil host used in call to allowsAnyHTTPSCertificateForHost:
1665112209408	Marionette	INFO	Listening on port 56217
Read port: 56217
WebDriver BiDi listening on ws://127.0.0.1:56206
1665112209659	RemoteAgent	WARN	TLS certificate errors will be ignored for this session
console.warn: SearchSettings: "get: No settings file exists, new profile?" (new NotFoundError("Could not open the file at /var/folders/g4/jpzrpnj9299ffsqhd33y_qn00000gn/T/rust_mozprofileUeAkzY/search.json.mozlz4", (void 0)))
DevTools listening on ws://127.0.0.1:56206/devtools/browser/2c5c18fc-2537-44ec-a6f6-8fc1d879c6ec
console.warn: LoginRecipes: "Falling back to a synchronous message for: https://www.flipkart.com."
JavaScript warning: https://static-assets-web.flixcart.com/px/gNtTli3A/init.js, line 2: WEBGL_debug_renderer_info is deprecated in Firefox and will be removed. Please use RENDERER.
console.warn: LoginRecipes: "Falling back to a synchronous message for: https://www.flipkart.com."
1665112256799	Marionette	INFO	Stopped listening on port 56217
1665112717587	geckodriver	INFO	Listening on 127.0.0.1:59002
1665112718098	mozrunner::runner	INFO	Running command: "/Applications/Firefox.app/Contents/MacOS/firefox-bin" "--marionette" "--remote-debugging-port" "59003" "--remote-allow-hosts" "localhost" "-foreground" "-no-remote" "-profile" "/var/folders/g4/jpzrpnj9299ffsqhd33y_qn00000gn/T/rust_mozprofileOtwi4i"
2022-10-07 08:48:38.649 plugin-container[12990:3839970] nil host used in call to allowsSpecificHTTPSCertificateForHost
2022-10-07 08:48:38.650 plugin-container[12990:3839970] nil host used in call to allowsAnyHTTPSCertificateForHost:
2022-10-07 08:48:38.653 plugin-container[12990:3839970] nil host used in call to allowsSpecificHTTPSCertificateForHost
2022-10-07 08:48:38.653 plugin-container[12990:3839970] nil host used in call to allowsAnyHTTPSCertificateForHost:
2022-10-07 08:48:38.653 plugin-container[12990:3839972] nil host used in call to allowsSpecificHTTPSCertificateForHost
2022-10-07 08:48:38.654 plugin-container[12990:3839972] nil host used in call to allowsAnyHTTPSCertificateForHost:
1665112718664	Marionette	INFO	Marionette enabled
1665112718704	Marionette	INFO	Listening on port 59014
Read port: 59014
WebDriver BiDi listening on ws://127.0.0.1:59003
1665112718934	RemoteAgent	WARN	TLS certificate errors will be ignored for this session
console.warn: SearchSettings: "get: No settings file exists, new profile?" (new NotFoundError("Could not open the file at /var/folders/g4/jpzrpnj9299ffsqhd33y_qn00000gn/T/rust_mozprofileOtwi4i/search.json.mozlz4", (void 0)))
DevTools listening on ws://127.0.0.1:59003/devtools/browser/2aa746b8-4f53-42ed-91a4-d2764f2bb2b9
1665112722665	Marionette	INFO	Stopped listening on port 53962
console.warn: TopSitesFeed: Failed to fetch data from Contile server: NetworkError when attempting to fetch resource.
1665112725565	Marionette	INFO	Stopped listening on port 55639
console.warn: TopSitesFeed: Failed to fetch data from Contile server: NetworkError when attempting to fetch resource.
JavaScript warning: https://static-assets-web.flixcart.com/px/gNtTli3A/init.js, line 2: WEBGL_debug_renderer_info is deprecated in Firefox and will be removed. Please use RENDERER.
console.warn: LoginRecipes: "Falling back to a synchronous message for: https://www.flipkart.com."
console.warn: LoginRecipes: "Falling back to a synchronous message for: https://www.flipkart.com."
1665112789802	Marionette	INFO	Stopped listening on port 59014
1665112834898	geckodriver	INFO	Listening on 127.0.0.1:59809
1665112834906	mozrunner::runner	INFO	Running command: "/Applications/Firefox.app/Contents/MacOS/firefox-bin" "--marionette" "--remote-debugging-port" "59810" "--remote-allow-hosts" "localhost" "-foreground" "-no-remote" "-profile" "/var/folders/g4/jpzrpnj9299ffsqhd33y_qn00000gn/T/rust_mozprofilefjnAXq"
2022-10-07 08:50:35.402 plugin-container[13066:3841657] nil host used in call to allowsSpecificHTTPSCertificateForHost
2022-10-07 08:50:35.402 plugin-container[13066:3841657] nil host used in call to allowsAnyHTTPSCertificateForHost:
2022-10-07 08:50:35.406 plugin-container[13066:3841657] nil host used in call to allowsSpecificHTTPSCertificateForHost
2022-10-07 08:50:35.406 plugin-container[13066:3841657] nil host used in call to allowsAnyHTTPSCertificateForHost:
2022-10-07 08:50:35.407 plugin-container[13066:3841662] nil host used in call to allowsSpecificHTTPSCertificateForHost
2022-10-07 08:50:35.407 plugin-container[13066:3841662] nil host used in call to allowsAnyHTTPSCertificateForHost:
1665112835419	Marionette	INFO	Marionette enabled
1665112835451	Marionette	INFO	Listening on port 59819
Read port: 59819
WebDriver BiDi listening on ws://127.0.0.1:59810
1665112835823	RemoteAgent	WARN	TLS certificate errors will be ignored for this session
console.warn: SearchSettings: "get: No settings file exists, new profile?" (new NotFoundError("Could not open the file at /var/folders/g4/jpzrpnj9299ffsqhd33y_qn00000gn/T/rust_mozprofilefjnAXq/search.json.mozlz4", (void 0)))
DevTools listening on ws://127.0.0.1:59810/devtools/browser/406f0f16-8df0-4f69-af5c-b45615009c3c
JavaScript warning: https://static-assets-web.flixcart.com/px/gNtTli3A/init.js, line 2: WEBGL_debug_renderer_info is deprecated in Firefox and will be removed. Please use RENDERER.
console.warn: LoginRecipes: "Falling back to a synchronous message for: https://www.flipkart.com."
console.warn: LoginRecipes: "Falling back to a synchronous message for: https://www.flipkart.com."
console.warn: LoginRecipes: "Falling back to a synchronous message for: https://www.flipkart.com."
1665112950081	Marionette	INFO	Stopped listening on port 59819
1665113216691	geckodriver	INFO	Listening on 127.0.0.1:61960
1665113216698	mozrunner::runner	INFO	Running command: "/Applications/Firefox.app/Contents/MacOS/firefox-bin" "--marionette" "--remote-debugging-port" "61961" "--remote-allow-hosts" "localhost" "-foreground" "-no-remote" "-profile" "/var/folders/g4/jpzrpnj9299ffsqhd33y_qn00000gn/T/rust_mozprofile67RTz9"
2022-10-07 08:56:57.184 plugin-container[13253:3845750] nil host used in call to allowsSpecificHTTPSCertificateForHost
2022-10-07 08:56:57.184 plugin-container[13253:3845750] nil host used in call to allowsAnyHTTPSCertificateForHost:
2022-10-07 08:56:57.188 plugin-container[13253:3845750] nil host used in call to allowsSpecificHTTPSCertificateForHost
2022-10-07 08:56:57.188 plugin-container[13253:3845750] nil host used in call to allowsAnyHTTPSCertificateForHost:
2022-10-07 08:56:57.189 plugin-container[13253:3845777] nil host used in call to allowsSpecificHTTPSCertificateForHost
2022-10-07 08:56:57.189 plugin-container[13253:3845777] nil host used in call to allowsAnyHTTPSCertificateForHost:
1665113217194	Marionette	INFO	Marionette enabled
1665113217225	Marionette	INFO	Listening on port 61966
Read port: 61966
WebDriver BiDi listening on ws://127.0.0.1:61961
1665113217571	RemoteAgent	WARN	TLS certificate errors will be ignored for this session
console.warn: SearchSettings: "get: No settings file exists, new profile?" (new NotFoundError("Could not open the file at /var/folders/g4/jpzrpnj9299ffsqhd33y_qn00000gn/T/rust_mozprofile67RTz9/search.json.mozlz4", (void 0)))
DevTools listening on ws://127.0.0.1:61961/devtools/browser/ba46fc0c-664c-46b4-bf5d-13e77cdf5cd8
JavaScript warning: https://static-assets-web.flixcart.com/px/gNtTli3A/init.js, line 2: WEBGL_debug_renderer_info is deprecated in Firefox and will be removed. Please use RENDERER.
Exiting due to channel error.
Exiting due to channel error.
Exiting due to channel error.
1665113341548	geckodriver	INFO	Listening on 127.0.0.1:62875
1665113341556	mozrunner::runner	INFO	Running command: "/Applications/Firefox.app/Contents/MacOS/firefox-bin" "--marionette" "--remote-debugging-port" "62876" "--remote-allow-hosts" "localhost" "-foreground" "-no-remote" "-profile" "/var/folders/g4/jpzrpnj9299ffsqhd33y_qn00000gn/T/rust_mozprofiletNiAZG"
2022-10-07 08:59:02.064 plugin-container[13318:3847399] nil host used in call to allowsSpecificHTTPSCertificateForHost
2022-10-07 08:59:02.065 plugin-container[13318:3847399] nil host used in call to allowsAnyHTTPSCertificateForHost:
2022-10-07 08:59:02.068 plugin-container[13318:3847399] nil host used in call to allowsSpecificHTTPSCertificateForHost
2022-10-07 08:59:02.069 plugin-container[13318:3847399] nil host used in call to allowsAnyHTTPSCertificateForHost:
2022-10-07 08:59:02.069 plugin-container[13318:3847404] nil host used in call to allowsSpecificHTTPSCertificateForHost
2022-10-07 08:59:02.069 plugin-container[13318:3847404] nil host used in call to allowsAnyHTTPSCertificateForHost:
1665113342076	Marionette	INFO	Marionette enabled
1665113342109	Marionette	INFO	Listening on port 62885
Read port: 62885
WebDriver BiDi listening on ws://127.0.0.1:62876
1665113342501	RemoteAgent	WARN	TLS certificate errors will be ignored for this session
console.warn: SearchSettings: "get: No settings file exists, new profile?" (new NotFoundError("Could not open the file at /var/folders/g4/jpzrpnj9299ffsqhd33y_qn00000gn/T/rust_mozprofiletNiAZG/search.json.mozlz4", (void 0)))
DevTools listening on ws://127.0.0.1:62876/devtools/browser/3993fede-d5b8-4a0e-833c-1b43981e4128
JavaScript warning: https://static-assets-web.flixcart.com/px/gNtTli3A/init.js, line 2: WEBGL_debug_renderer_info is deprecated in Firefox and will be removed. Please use RENDERER.
console.warn: LoginRecipes: "Falling back to a synchronous message for: https://www.flipkart.com."
console.warn: LoginRecipes: "Falling back to a synchronous message for: https://www.flipkart.com."
1665113545377	geckodriver	INFO	Listening on 127.0.0.1:64109
1665113545384	mozrunner::runner	INFO	Running command: "/Applications/Firefox.app/Contents/MacOS/firefox-bin" "--marionette" "--remote-debugging-port" "64110" "--remote-allow-hosts" "localhost" "-foreground" "-no-remote" "-profile" "/var/folders/g4/jpzrpnj9299ffsqhd33y_qn00000gn/T/rust_mozprofiledzP9pR"
2022-10-07 09:02:25.909 plugin-container[13406:3849673] nil host used in call to allowsSpecificHTTPSCertificateForHost
2022-10-07 09:02:25.910 plugin-container[13406:3849673] nil host used in call to allowsAnyHTTPSCertificateForHost:
2022-10-07 09:02:25.914 plugin-container[13406:3849673] nil host used in call to allowsSpecificHTTPSCertificateForHost
2022-10-07 09:02:25.914 plugin-container[13406:3849673] nil host used in call to allowsAnyHTTPSCertificateForHost:
2022-10-07 09:02:25.915 plugin-container[13406:3849671] nil host used in call to allowsSpecificHTTPSCertificateForHost
2022-10-07 09:02:25.915 plugin-container[13406:3849671] nil host used in call to allowsAnyHTTPSCertificateForHost:
1665113545922	Marionette	INFO	Marionette enabled
1665113545956	Marionette	INFO	Listening on port 64115
Read port: 64115
WebDriver BiDi listening on ws://127.0.0.1:64110
1665113546299	RemoteAgent	WARN	TLS certificate errors will be ignored for this session
console.warn: SearchSettings: "get: No settings file exists, new profile?" (new NotFoundError("Could not open the file at /var/folders/g4/jpzrpnj9299ffsqhd33y_qn00000gn/T/rust_mozprofiledzP9pR/search.json.mozlz4", (void 0)))
DevTools listening on ws://127.0.0.1:64110/devtools/browser/37382ce6-fc0e-4863-9635-e1ff557c775a
JavaScript warning: https://static-assets-web.flixcart.com/px/gNtTli3A/init.js, line 2: WEBGL_debug_renderer_info is deprecated in Firefox and will be removed. Please use RENDERER.
console.warn: LoginRecipes: "Falling back to a synchronous message for: https://www.flipkart.com."
console.warn: LoginRecipes: "Falling back to a synchronous message for: https://www.flipkart.com."
console.warn: LoginRecipes: "Falling back to a synchronous message for: https://www.flipkart.com."
1665113908160	Marionette	INFO	Stopped listening on port 64115
1665113911328	Marionette	INFO	Stopped listening on port 62885
1665114307494	geckodriver	INFO	Listening on 127.0.0.1:51775
1665114308008	mozrunner::runner	INFO	Running command: "/Applications/Firefox.app/Contents/MacOS/firefox-bin" "--marionette" "--remote-debugging-port" "51776" "--remote-allow-hosts" "localhost" "-foreground" "-no-remote" "-profile" "/var/folders/g4/jpzrpnj9299ffsqhd33y_qn00000gn/T/rust_mozprofilei9ULqw"
2022-10-07 09:15:08.573 plugin-container[13802:3859802] nil host used in call to allowsSpecificHTTPSCertificateForHost
2022-10-07 09:15:08.573 plugin-container[13802:3859802] nil host used in call to allowsAnyHTTPSCertificateForHost:
2022-10-07 09:15:08.589 plugin-container[13802:3859802] nil host used in call to allowsSpecificHTTPSCertificateForHost
2022-10-07 09:15:08.589 plugin-container[13802:3859802] nil host used in call to allowsAnyHTTPSCertificateForHost:
2022-10-07 09:15:08.590 plugin-container[13802:3859799] nil host used in call to allowsSpecificHTTPSCertificateForHost
2022-10-07 09:15:08.590 plugin-container[13802:3859799] nil host used in call to allowsAnyHTTPSCertificateForHost:
1665114308602	Marionette	INFO	Marionette enabled
1665114308641	Marionette	INFO	Listening on port 51787
Read port: 51787
WebDriver BiDi listening on ws://127.0.0.1:51776
1665114308882	RemoteAgent	WARN	TLS certificate errors will be ignored for this session
console.warn: SearchSettings: "get: No settings file exists, new profile?" (new NotFoundError("Could not open the file at /var/folders/g4/jpzrpnj9299ffsqhd33y_qn00000gn/T/rust_mozprofilei9ULqw/search.json.mozlz4", (void 0)))
DevTools listening on ws://127.0.0.1:51776/devtools/browser/8c2b5872-dc82-4ec7-8068-c78163b27879
JavaScript warning: https://static-assets-web.flixcart.com/px/gNtTli3A/init.js, line 2: WEBGL_debug_renderer_info is deprecated in Firefox and will be removed. Please use RENDERER.
console.warn: LoginRecipes: "Falling back to a synchronous message for: https://www.flipkart.com."
console.warn: LoginRecipes: "Falling back to a synchronous message for: https://www.flipkart.com."
console.warn: LoginRecipes: "Falling back to a synchronous message for: https://www.flipkart.com."
1665114533882	geckodriver	INFO	Listening on 127.0.0.1:53019
1665114534396	mozrunner::runner	INFO	Running command: "/Applications/Firefox.app/Contents/MacOS/firefox-bin" "--marionette" "--remote-debugging-port" "53020" "--remote-allow-hosts" "localhost" "-foreground" "-no-remote" "-profile" "/var/folders/g4/jpzrpnj9299ffsqhd33y_qn00000gn/T/rust_mozprofilekEp8Cs"
2022-10-07 09:18:54.923 plugin-container[13889:3861797] nil host used in call to allowsSpecificHTTPSCertificateForHost
2022-10-07 09:18:54.923 plugin-container[13889:3861797] nil host used in call to allowsAnyHTTPSCertificateForHost:
2022-10-07 09:18:54.929 plugin-container[13889:3861797] nil host used in call to allowsSpecificHTTPSCertificateForHost
2022-10-07 09:18:54.929 plugin-container[13889:3861797] nil host used in call to allowsAnyHTTPSCertificateForHost:
2022-10-07 09:18:54.929 plugin-container[13889:3861825] nil host used in call to allowsSpecificHTTPSCertificateForHost
2022-10-07 09:18:54.929 plugin-container[13889:3861825] nil host used in call to allowsAnyHTTPSCertificateForHost:
1665114534935	Marionette	INFO	Marionette enabled
1665114534975	Marionette	INFO	Listening on port 53031
Read port: 53031
WebDriver BiDi listening on ws://127.0.0.1:53020
1665114535335	RemoteAgent	WARN	TLS certificate errors will be ignored for this session
console.warn: SearchSettings: "get: No settings file exists, new profile?" (new NotFoundError("Could not open the file at /var/folders/g4/jpzrpnj9299ffsqhd33y_qn00000gn/T/rust_mozprofilekEp8Cs/search.json.mozlz4", (void 0)))
DevTools listening on ws://127.0.0.1:53020/devtools/browser/2d72aa96-9673-42a5-ac71-c529b1d6ff94
JavaScript warning: https://static-assets-web.flixcart.com/px/gNtTli3A/init.js, line 2: WEBGL_debug_renderer_info is deprecated in Firefox and will be removed. Please use RENDERER.
console.warn: LoginRecipes: "Falling back to a synchronous message for: https://www.flipkart.com."
console.warn: LoginRecipes: "Falling back to a synchronous message for: https://www.flipkart.com."
console.warn: LoginRecipes: "Falling back to a synchronous message for: https://www.flipkart.com."
1665114763085	Marionette	INFO	Stopped listening on port 53031
1665114765248	Marionette	INFO	Stopped listening on port 51787
1665114814324	geckodriver	INFO	Listening on 127.0.0.1:54659
1665114814835	mozrunner::runner	INFO	Running command: "/Applications/Firefox.app/Contents/MacOS/firefox-bin" "--marionette" "--remote-debugging-port" "54660" "--remote-allow-hosts" "localhost" "-foreground" "-no-remote" "-profile" "/var/folders/g4/jpzrpnj9299ffsqhd33y_qn00000gn/T/rust_mozprofileKXubqr"
2022-10-07 09:23:35.467 plugin-container[14030:3865209] nil host used in call to allowsSpecificHTTPSCertificateForHost
2022-10-07 09:23:35.467 plugin-container[14030:3865209] nil host used in call to allowsAnyHTTPSCertificateForHost:
2022-10-07 09:23:35.473 plugin-container[14030:3865209] nil host used in call to allowsSpecificHTTPSCertificateForHost
2022-10-07 09:23:35.473 plugin-container[14030:3865209] nil host used in call to allowsAnyHTTPSCertificateForHost:
2022-10-07 09:23:35.473 plugin-container[14030:3865233] nil host used in call to allowsSpecificHTTPSCertificateForHost
2022-10-07 09:23:35.473 plugin-container[14030:3865233] nil host used in call to allowsAnyHTTPSCertificateForHost:
1665114815478	Marionette	INFO	Marionette enabled
1665114815533	Marionette	INFO	Listening on port 54675
Read port: 54675
WebDriver BiDi listening on ws://127.0.0.1:54660
1665114815814	RemoteAgent	WARN	TLS certificate errors will be ignored for this session
console.warn: SearchSettings: "get: No settings file exists, new profile?" (new NotFoundError("Could not open the file at /var/folders/g4/jpzrpnj9299ffsqhd33y_qn00000gn/T/rust_mozprofileKXubqr/search.json.mozlz4", (void 0)))
DevTools listening on ws://127.0.0.1:54660/devtools/browser/1da95e75-8e2e-410a-8609-d4a407c6a8dc
JavaScript warning: https://static-assets-web.flixcart.com/px/gNtTli3A/init.js, line 2: WEBGL_debug_renderer_info is deprecated in Firefox and will be removed. Please use RENDERER.
console.warn: LoginRecipes: "Falling back to a synchronous message for: https://www.flipkart.com."
console.warn: LoginRecipes: "Falling back to a synchronous message for: https://www.flipkart.com."
console.warn: LoginRecipes: "Falling back to a synchronous message for: https://www.flipkart.com."
1665115765549	geckodriver	INFO	Listening on 127.0.0.1:59030
1665115766055	mozrunner::runner	INFO	Running command: "/Applications/Firefox.app/Contents/MacOS/firefox-bin" "--marionette" "--remote-debugging-port" "59031" "--remote-allow-hosts" "localhost" "-foreground" "-no-remote" "-profile" "/var/folders/g4/jpzrpnj9299ffsqhd33y_qn00000gn/T/rust_mozprofiletiS14N"
2022-10-07 09:39:26.579 plugin-container[14423:3872665] nil host used in call to allowsSpecificHTTPSCertificateForHost
2022-10-07 09:39:26.579 plugin-container[14423:3872665] nil host used in call to allowsAnyHTTPSCertificateForHost:
2022-10-07 09:39:26.583 plugin-container[14423:3872665] nil host used in call to allowsSpecificHTTPSCertificateForHost
2022-10-07 09:39:26.583 plugin-container[14423:3872665] nil host used in call to allowsAnyHTTPSCertificateForHost:
2022-10-07 09:39:26.583 plugin-container[14423:3872673] nil host used in call to allowsSpecificHTTPSCertificateForHost
2022-10-07 09:39:26.583 plugin-container[14423:3872673] nil host used in call to allowsAnyHTTPSCertificateForHost:
1665115766594	Marionette	INFO	Marionette enabled
1665115766629	Marionette	INFO	Listening on port 59042
Read port: 59042
WebDriver BiDi listening on ws://127.0.0.1:59031
1665115767005	RemoteAgent	WARN	TLS certificate errors will be ignored for this session
console.warn: SearchSettings: "get: No settings file exists, new profile?" (new NotFoundError("Could not open the file at /var/folders/g4/jpzrpnj9299ffsqhd33y_qn00000gn/T/rust_mozprofiletiS14N/search.json.mozlz4", (void 0)))
DevTools listening on ws://127.0.0.1:59031/devtools/browser/78bf8d49-36c6-4646-81f2-661126b73f9f
JavaScript warning: https://static-assets-web.flixcart.com/px/gNtTli3A/init.js, line 2: WEBGL_debug_renderer_info is deprecated in Firefox and will be removed. Please use RENDERER.
console.warn: LoginRecipes: "Falling back to a synchronous message for: https://www.flipkart.com."
console.warn: LoginRecipes: "Falling back to a synchronous message for: https://www.flipkart.com."
console.warn: LoginRecipes: "Falling back to a synchronous message for: https://www.flipkart.com."
1665115911185	geckodriver	INFO	Listening on 127.0.0.1:59955
1665115911699	mozrunner::runner	INFO	Running command: "/Applications/Firefox.app/Contents/MacOS/firefox-bin" "--marionette" "--remote-debugging-port" "59956" "--remote-allow-hosts" "localhost" "-foreground" "-no-remote" "-profile" "/var/folders/g4/jpzrpnj9299ffsqhd33y_qn00000gn/T/rust_mozprofileUAU7pA"
2022-10-07 09:41:52.283 plugin-container[14508:3874748] nil host used in call to allowsSpecificHTTPSCertificateForHost
2022-10-07 09:41:52.283 plugin-container[14508:3874748] nil host used in call to allowsAnyHTTPSCertificateForHost:
2022-10-07 09:41:52.287 plugin-container[14508:3874748] nil host used in call to allowsSpecificHTTPSCertificateForHost
2022-10-07 09:41:52.287 plugin-container[14508:3874748] nil host used in call to allowsAnyHTTPSCertificateForHost:
2022-10-07 09:41:52.287 plugin-container[14508:3874754] nil host used in call to allowsSpecificHTTPSCertificateForHost
2022-10-07 09:41:52.287 plugin-container[14508:3874754] nil host used in call to allowsAnyHTTPSCertificateForHost:
1665115912296	Marionette	INFO	Marionette enabled
1665115912329	Marionette	INFO	Listening on port 59967
Read port: 59967
WebDriver BiDi listening on ws://127.0.0.1:59956
1665115912685	RemoteAgent	WARN	TLS certificate errors will be ignored for this session
console.warn: SearchSettings: "get: No settings file exists, new profile?" (new NotFoundError("Could not open the file at /var/folders/g4/jpzrpnj9299ffsqhd33y_qn00000gn/T/rust_mozprofileUAU7pA/search.json.mozlz4", (void 0)))
DevTools listening on ws://127.0.0.1:59956/devtools/browser/4e69ed37-ad72-45a7-abc6-39906f063bcf
1665115920501	Marionette	INFO	Stopped listening on port 54675
1665115923009	Marionette	INFO	Stopped listening on port 59042
JavaScript warning: https://static-assets-web.flixcart.com/px/gNtTli3A/init.js, line 2: WEBGL_debug_renderer_info is deprecated in Firefox and will be removed. Please use RENDERER.
console.warn: LoginRecipes: "Falling back to a synchronous message for: https://www.flipkart.com."
console.warn: LoginRecipes: "Falling back to a synchronous message for: https://www.flipkart.com."
console.warn: LoginRecipes: "Falling back to a synchronous message for: https://www.flipkart.com."
1665116302834	geckodriver	INFO	Listening on 127.0.0.1:62120
1665116302843	mozrunner::runner	INFO	Running command: "/Applications/Firefox.app/Contents/MacOS/firefox-bin" "--marionette" "--remote-debugging-port" "62121" "--remote-allow-hosts" "localhost" "-foreground" "-no-remote" "-profile" "/var/folders/g4/jpzrpnj9299ffsqhd33y_qn00000gn/T/rust_mozprofileL3HH2B"
2022-10-07 09:48:23.330 plugin-container[14677:3878812] nil host used in call to allowsSpecificHTTPSCertificateForHost
2022-10-07 09:48:23.330 plugin-container[14677:3878812] nil host used in call to allowsAnyHTTPSCertificateForHost:
2022-10-07 09:48:23.333 plugin-container[14677:3878812] nil host used in call to allowsSpecificHTTPSCertificateForHost
2022-10-07 09:48:23.334 plugin-container[14677:3878812] nil host used in call to allowsAnyHTTPSCertificateForHost:
2022-10-07 09:48:23.334 plugin-container[14677:3878831] nil host used in call to allowsSpecificHTTPSCertificateForHost
2022-10-07 09:48:23.334 plugin-container[14677:3878831] nil host used in call to allowsAnyHTTPSCertificateForHost:
1665116303343	Marionette	INFO	Marionette enabled
1665116303379	Marionette	INFO	Listening on port 62131
Read port: 62131
WebDriver BiDi listening on ws://127.0.0.1:62121
1665116303740	RemoteAgent	WARN	TLS certificate errors will be ignored for this session
console.warn: SearchSettings: "get: No settings file exists, new profile?" (new NotFoundError("Could not open the file at /var/folders/g4/jpzrpnj9299ffsqhd33y_qn00000gn/T/rust_mozprofileL3HH2B/search.json.mozlz4", (void 0)))
DevTools listening on ws://127.0.0.1:62121/devtools/browser/2b32bd45-2fd4-42ad-8eaa-6bfbb9d5a06b
JavaScript warning: https://static-assets-web.flixcart.com/px/gNtTli3A/init.js, line 2: WEBGL_debug_renderer_info is deprecated in Firefox and will be removed. Please use RENDERER.
console.warn: LoginRecipes: "Falling back to a synchronous message for: https://www.flipkart.com."
console.warn: LoginRecipes: "Falling back to a synchronous message for: https://www.flipkart.com."
console.warn: LoginRecipes: "Falling back to a synchronous message for: https://www.flipkart.com."
1665116883694	geckodriver	INFO	Listening on 127.0.0.1:65108
1665116884206	mozrunner::runner	INFO	Running command: "/Applications/Firefox.app/Contents/MacOS/firefox-bin" "--marionette" "--remote-debugging-port" "65109" "--remote-allow-hosts" "localhost" "-foreground" "-no-remote" "-profile" "/var/folders/g4/jpzrpnj9299ffsqhd33y_qn00000gn/T/rust_mozprofileXPt0aL"
2022-10-07 09:58:04.773 plugin-container[14904:3883687] nil host used in call to allowsSpecificHTTPSCertificateForHost
2022-10-07 09:58:04.773 plugin-container[14904:3883687] nil host used in call to allowsAnyHTTPSCertificateForHost:
1665116884776	Marionette	INFO	Marionette enabled
2022-10-07 09:58:04.793 plugin-container[14904:3883687] nil host used in call to allowsSpecificHTTPSCertificateForHost
2022-10-07 09:58:04.793 plugin-container[14904:3883687] nil host used in call to allowsAnyHTTPSCertificateForHost:
2022-10-07 09:58:04.793 plugin-container[14904:3883714] nil host used in call to allowsSpecificHTTPSCertificateForHost
2022-10-07 09:58:04.793 plugin-container[14904:3883714] nil host used in call to allowsAnyHTTPSCertificateForHost:
1665116884812	Marionette	INFO	Listening on port 65121
Read port: 65121
WebDriver BiDi listening on ws://127.0.0.1:65109
1665116885156	RemoteAgent	WARN	TLS certificate errors will be ignored for this session
console.warn: SearchSettings: "get: No settings file exists, new profile?" (new NotFoundError("Could not open the file at /var/folders/g4/jpzrpnj9299ffsqhd33y_qn00000gn/T/rust_mozprofileXPt0aL/search.json.mozlz4", (void 0)))
DevTools listening on ws://127.0.0.1:65109/devtools/browser/b5e09a75-7be7-4105-8edb-46a5ce97da26
JavaScript warning: https://static-assets-web.flixcart.com/px/gNtTli3A/init.js, line 2: WEBGL_debug_renderer_info is deprecated in Firefox and will be removed. Please use RENDERER.
console.warn: LoginRecipes: "Falling back to a synchronous message for: https://www.flipkart.com."
console.warn: LoginRecipes: "Falling back to a synchronous message for: https://www.flipkart.com."
console.warn: LoginRecipes: "Falling back to a synchronous message for: https://www.flipkart.com."
1665117298622	geckodriver	INFO	Listening on 127.0.0.1:50727
1665117298630	mozrunner::runner	INFO	Running command: "/Applications/Firefox.app/Contents/MacOS/firefox-bin" "--marionette" "--remote-debugging-port" "50728" "--remote-allow-hosts" "localhost" "-foreground" "-no-remote" "-profile" "/var/folders/g4/jpzrpnj9299ffsqhd33y_qn00000gn/T/rust_mozprofileIBiN13"
2022-10-07 10:04:59.146 plugin-container[15071:3887089] nil host used in call to allowsSpecificHTTPSCertificateForHost
2022-10-07 10:04:59.146 plugin-container[15071:3887089] nil host used in call to allowsAnyHTTPSCertificateForHost:
2022-10-07 10:04:59.150 plugin-container[15071:3887089] nil host used in call to allowsSpecificHTTPSCertificateForHost
2022-10-07 10:04:59.150 plugin-container[15071:3887089] nil host used in call to allowsAnyHTTPSCertificateForHost:
2022-10-07 10:04:59.150 plugin-container[15071:3887087] nil host used in call to allowsSpecificHTTPSCertificateForHost
2022-10-07 10:04:59.150 plugin-container[15071:3887087] nil host used in call to allowsAnyHTTPSCertificateForHost:
1665117299156	Marionette	INFO	Marionette enabled
1665117299188	Marionette	INFO	Listening on port 50737
Read port: 50737
WebDriver BiDi listening on ws://127.0.0.1:50728
1665117299549	RemoteAgent	WARN	TLS certificate errors will be ignored for this session
console.warn: SearchSettings: "get: No settings file exists, new profile?" (new NotFoundError("Could not open the file at /var/folders/g4/jpzrpnj9299ffsqhd33y_qn00000gn/T/rust_mozprofileIBiN13/search.json.mozlz4", (void 0)))
DevTools listening on ws://127.0.0.1:50728/devtools/browser/70c56b16-69c3-4c98-bdb5-afe80bbaefbe
JavaScript warning: https://static-assets-web.flixcart.com/px/gNtTli3A/init.js, line 2: WEBGL_debug_renderer_info is deprecated in Firefox and will be removed. Please use RENDERER.
1665117332165	Marionette	INFO	Stopped listening on port 59967
console.warn: "IGNORED REDUX ACTION:" "AUTOCOMPLETE_CLEAR"
JavaScript error: , line 0: NotFoundError: No such JSWindowActor 'DevToolsFrame'
1665117334717	Marionette	INFO	Stopped listening on port 62131
1665117337367	Marionette	INFO	Stopped listening on port 65121
console.warn: LoginRecipes: "Falling back to a synchronous message for: https://www.flipkart.com."
console.warn: LoginRecipes: "Falling back to a synchronous message for: https://www.flipkart.com."
console.warn: LoginRecipes: "Falling back to a synchronous message for: https://www.flipkart.com."
1665117552978	geckodriver	INFO	Listening on 127.0.0.1:52072
1665117552986	mozrunner::runner	INFO	Running command: "/Applications/Firefox.app/Contents/MacOS/firefox-bin" "--marionette" "--remote-debugging-port" "52073" "--remote-allow-hosts" "localhost" "-foreground" "-no-remote" "-profile" "/var/folders/g4/jpzrpnj9299ffsqhd33y_qn00000gn/T/rust_mozprofilehotYhd"
2022-10-07 10:09:13.546 plugin-container[15174:3889594] nil host used in call to allowsSpecificHTTPSCertificateForHost
2022-10-07 10:09:13.547 plugin-container[15174:3889594] nil host used in call to allowsAnyHTTPSCertificateForHost:
2022-10-07 10:09:13.551 plugin-container[15174:3889594] nil host used in call to allowsSpecificHTTPSCertificateForHost
2022-10-07 10:09:13.551 plugin-container[15174:3889594] nil host used in call to allowsAnyHTTPSCertificateForHost:
2022-10-07 10:09:13.551 plugin-container[15174:3889620] nil host used in call to allowsSpecificHTTPSCertificateForHost
2022-10-07 10:09:13.551 plugin-container[15174:3889620] nil host used in call to allowsAnyHTTPSCertificateForHost:
1665117553559	Marionette	INFO	Marionette enabled
1665117553596	Marionette	INFO	Listening on port 52082
Read port: 52082
WebDriver BiDi listening on ws://127.0.0.1:52073
1665117553961	RemoteAgent	WARN	TLS certificate errors will be ignored for this session
console.warn: SearchSettings: "get: No settings file exists, new profile?" (new NotFoundError("Could not open the file at /var/folders/g4/jpzrpnj9299ffsqhd33y_qn00000gn/T/rust_mozprofilehotYhd/search.json.mozlz4", (void 0)))
DevTools listening on ws://127.0.0.1:52073/devtools/browser/ce4a9b4f-d78a-45c7-86a3-f51d6eba4214
JavaScript warning: https://static-assets-web.flixcart.com/px/gNtTli3A/init.js, line 2: WEBGL_debug_renderer_info is deprecated in Firefox and will be removed. Please use RENDERER.
console.warn: LoginRecipes: "Falling back to a synchronous message for: https://www.flipkart.com."
console.warn: LoginRecipes: "Falling back to a synchronous message for: https://www.flipkart.com."
console.warn: LoginRecipes: "Falling back to a synchronous message for: https://www.flipkart.com."
1665117877672	geckodriver	INFO	Listening on 127.0.0.1:53702
1665117878186	mozrunner::runner	INFO	Running command: "/Applications/Firefox.app/Contents/MacOS/firefox-bin" "--marionette" "--remote-debugging-port" "53703" "--remote-allow-hosts" "localhost" "-foreground" "-no-remote" "-profile" "/var/folders/g4/jpzrpnj9299ffsqhd33y_qn00000gn/T/rust_mozprofiledAggPJ"
2022-10-07 10:14:38.715 plugin-container[15344:3893763] nil host used in call to allowsSpecificHTTPSCertificateForHost
2022-10-07 10:14:38.715 plugin-container[15344:3893763] nil host used in call to allowsAnyHTTPSCertificateForHost:
1665117878724	Marionette	INFO	Marionette enabled
2022-10-07 10:14:38.740 plugin-container[15344:3893763] nil host used in call to allowsSpecificHTTPSCertificateForHost
2022-10-07 10:14:38.740 plugin-container[15344:3893763] nil host used in call to allowsAnyHTTPSCertificateForHost:
2022-10-07 10:14:38.741 plugin-container[15344:3893768] nil host used in call to allowsSpecificHTTPSCertificateForHost
2022-10-07 10:14:38.741 plugin-container[15344:3893768] nil host used in call to allowsAnyHTTPSCertificateForHost:
1665117878765	Marionette	INFO	Listening on port 53715
Read port: 53715
WebDriver BiDi listening on ws://127.0.0.1:53703
1665117879086	RemoteAgent	WARN	TLS certificate errors will be ignored for this session
console.warn: SearchSettings: "get: No settings file exists, new profile?" (new NotFoundError("Could not open the file at /var/folders/g4/jpzrpnj9299ffsqhd33y_qn00000gn/T/rust_mozprofiledAggPJ/search.json.mozlz4", (void 0)))
DevTools listening on ws://127.0.0.1:53703/devtools/browser/60360ce0-c12a-4428-9212-1d72baf9cc8a
JavaScript warning: https://static-assets-web.flixcart.com/px/gNtTli3A/init.js, line 2: WEBGL_debug_renderer_info is deprecated in Firefox and will be removed. Please use RENDERER.
console.warn: LoginRecipes: "Falling back to a synchronous message for: https://www.flipkart.com."
console.warn: LoginRecipes: "Falling back to a synchronous message for: https://www.flipkart.com."
console.warn: LoginRecipes: "Falling back to a synchronous message for: https://www.flipkart.com."
1665118042638	geckodriver	INFO	Listening on 127.0.0.1:54672
1665118043146	mozrunner::runner	INFO	Running command: "/Applications/Firefox.app/Contents/MacOS/firefox-bin" "--marionette" "--remote-debugging-port" "54673" "--remote-allow-hosts" "localhost" "-foreground" "-no-remote" "-profile" "/var/folders/g4/jpzrpnj9299ffsqhd33y_qn00000gn/T/rust_mozprofileOsAKiC"
2022-10-07 10:17:23.718 plugin-container[15410:3895723] nil host used in call to allowsSpecificHTTPSCertificateForHost
2022-10-07 10:17:23.718 plugin-container[15410:3895723] nil host used in call to allowsAnyHTTPSCertificateForHost:
2022-10-07 10:17:23.724 plugin-container[15410:3895723] nil host used in call to allowsSpecificHTTPSCertificateForHost
2022-10-07 10:17:23.724 plugin-container[15410:3895723] nil host used in call to allowsAnyHTTPSCertificateForHost:
2022-10-07 10:17:23.725 plugin-container[15410:3895731] nil host used in call to allowsSpecificHTTPSCertificateForHost
2022-10-07 10:17:23.725 plugin-container[15410:3895731] nil host used in call to allowsAnyHTTPSCertificateForHost:
1665118043731	Marionette	INFO	Marionette enabled
1665118043772	Marionette	INFO	Listening on port 54698
Read port: 54698
WebDriver BiDi listening on ws://127.0.0.1:54673
1665118044169	RemoteAgent	WARN	TLS certificate errors will be ignored for this session
console.warn: SearchSettings: "get: No settings file exists, new profile?" (new NotFoundError("Could not open the file at /var/folders/g4/jpzrpnj9299ffsqhd33y_qn00000gn/T/rust_mozprofileOsAKiC/search.json.mozlz4", (void 0)))
DevTools listening on ws://127.0.0.1:54673/devtools/browser/9e0d3a44-83f4-4b1c-98d3-df4a3d8fed9b
JavaScript warning: https://static-assets-web.flixcart.com/px/gNtTli3A/init.js, line 2: WEBGL_debug_renderer_info is deprecated in Firefox and will be removed. Please use RENDERER.
console.warn: LoginRecipes: "Falling back to a synchronous message for: https://www.flipkart.com."
console.warn: LoginRecipes: "Falling back to a synchronous message for: https://www.flipkart.com."
console.warn: LoginRecipes: "Falling back to a synchronous message for: https://www.flipkart.com."
1665118197148	Marionette	INFO	Stopped listening on port 54698
1665118373333	Marionette	INFO	Stopped listening on port 53715
1665118375551	Marionette	INFO	Stopped listening on port 52082
1665118377684	Marionette	INFO	Stopped listening on port 50737
1665378987582	geckodriver	INFO	Listening on 127.0.0.1:58330
1665378988102	mozrunner::runner	INFO	Running command: "/Applications/Firefox.app/Contents/MacOS/firefox-bin" "--marionette" "--remote-debugging-port" "58331" "--remote-allow-hosts" "localhost" "-foreground" "-no-remote" "-profile" "/var/folders/g4/jpzrpnj9299ffsqhd33y_qn00000gn/T/rust_mozprofilefuFNYj"
1665378989063	Marionette	INFO	Marionette enabled
2022-10-10 10:46:29.081 plugin-container[25279:4162535] nil host used in call to allowsSpecificHTTPSCertificateForHost
2022-10-10 10:46:29.081 plugin-container[25279:4162535] nil host used in call to allowsAnyHTTPSCertificateForHost:
2022-10-10 10:46:29.107 plugin-container[25279:4162535] nil host used in call to allowsSpecificHTTPSCertificateForHost
2022-10-10 10:46:29.107 plugin-container[25279:4162535] nil host used in call to allowsAnyHTTPSCertificateForHost:
2022-10-10 10:46:29.107 plugin-container[25279:4162537] nil host used in call to allowsSpecificHTTPSCertificateForHost
2022-10-10 10:46:29.107 plugin-container[25279:4162537] nil host used in call to allowsAnyHTTPSCertificateForHost:
1665378989111	Marionette	INFO	Listening on port 58338
Read port: 58338
WebDriver BiDi listening on ws://127.0.0.1:58331
1665378989480	RemoteAgent	WARN	TLS certificate errors will be ignored for this session
console.warn: SearchSettings: "get: No settings file exists, new profile?" (new NotFoundError("Could not open the file at /var/folders/g4/jpzrpnj9299ffsqhd33y_qn00000gn/T/rust_mozprofilefuFNYj/search.json.mozlz4", (void 0)))
DevTools listening on ws://127.0.0.1:58331/devtools/browser/803bf015-a2f8-4926-ac15-4d5170381be7
JavaScript warning: https://static-assets-web.flixcart.com/px/gNtTli3A/init.js, line 2: WEBGL_debug_renderer_info is deprecated in Firefox and will be removed. Please use RENDERER.
console.warn: LoginRecipes: "Falling back to a synchronous message for: https://www.flipkart.com."
console.warn: LoginRecipes: "Falling back to a synchronous message for: https://www.flipkart.com."
console.warn: LoginRecipes: "Falling back to a synchronous message for: https://www.flipkart.com."
console.error: (new TypeError("container.node.targetFront is null", "resource://devtools/client/inspector/markup/markup.js", 2352))
1665379705600	geckodriver	INFO	Listening on 127.0.0.1:59580
1665379706103	mozrunner::runner	INFO	Running command: "/Applications/Firefox.app/Contents/MacOS/firefox-bin" "--marionette" "--remote-debugging-port" "59581" "--remote-allow-hosts" "localhost" "-foreground" "-no-remote" "-profile" "/var/folders/g4/jpzrpnj9299ffsqhd33y_qn00000gn/T/rust_mozprofileATOOuA"
2022-10-10 10:58:26.620 plugin-container[25624:4170813] nil host used in call to allowsSpecificHTTPSCertificateForHost
2022-10-10 10:58:26.620 plugin-container[25624:4170813] nil host used in call to allowsAnyHTTPSCertificateForHost:
2022-10-10 10:58:26.624 plugin-container[25624:4170813] nil host used in call to allowsSpecificHTTPSCertificateForHost
2022-10-10 10:58:26.624 plugin-container[25624:4170813] nil host used in call to allowsAnyHTTPSCertificateForHost:
2022-10-10 10:58:26.624 plugin-container[25624:4170811] nil host used in call to allowsSpecificHTTPSCertificateForHost
2022-10-10 10:58:26.624 plugin-container[25624:4170811] nil host used in call to allowsAnyHTTPSCertificateForHost:
1665379706639	Marionette	INFO	Marionette enabled
1665379706677	Marionette	INFO	Listening on port 59588
Read port: 59588
WebDriver BiDi listening on ws://127.0.0.1:59581
1665379706887	RemoteAgent	WARN	TLS certificate errors will be ignored for this session
console.warn: SearchSettings: "get: No settings file exists, new profile?" (new NotFoundError("Could not open the file at /var/folders/g4/jpzrpnj9299ffsqhd33y_qn00000gn/T/rust_mozprofileATOOuA/search.json.mozlz4", (void 0)))
DevTools listening on ws://127.0.0.1:59581/devtools/browser/9093dd1b-5ae8-4635-a11b-83a32c7845aa
1665379731103	Marionette	WARN	TimedPromise timed out after 500 ms: stacktrace:
TimedPromise/<@chrome://remote/content/marionette/sync.js:236:24
TimedPromise@chrome://remote/content/marionette/sync.js:221:10
interaction.flushEventLoop@chrome://remote/content/marionette/interaction.js:431:10
webdriverClickElement@chrome://remote/content/marionette/interaction.js:179:31
console.warn: LoginRecipes: "Falling back to a synchronous message for: https://www.flipkart.com."
JavaScript warning: https://static-assets-web.flixcart.com/px/gNtTli3A/init.js, line 2: WEBGL_debug_renderer_info is deprecated in Firefox and will be removed. Please use RENDERER.
console.warn: LoginRecipes: "Falling back to a synchronous message for: https://www.flipkart.com."
console.warn: LoginRecipes: "Falling back to a synchronous message for: https://www.flipkart.com."
1665380071208	geckodriver	INFO	Listening on 127.0.0.1:60097
1665380071722	mozrunner::runner	INFO	Running command: "/Applications/Firefox.app/Contents/MacOS/firefox-bin" "--marionette" "--remote-debugging-port" "60098" "--remote-allow-hosts" "localhost" "-foreground" "-no-remote" "-profile" "/var/folders/g4/jpzrpnj9299ffsqhd33y_qn00000gn/T/rust_mozprofileVsbfg5"
2022-10-10 11:04:32.273 plugin-container[25815:4174540] nil host used in call to allowsSpecificHTTPSCertificateForHost
2022-10-10 11:04:32.274 plugin-container[25815:4174540] nil host used in call to allowsAnyHTTPSCertificateForHost:
2022-10-10 11:04:32.285 plugin-container[25815:4174540] nil host used in call to allowsSpecificHTTPSCertificateForHost
2022-10-10 11:04:32.285 plugin-container[25815:4174540] nil host used in call to allowsAnyHTTPSCertificateForHost:
2022-10-10 11:04:32.285 plugin-container[25815:4174565] nil host used in call to allowsSpecificHTTPSCertificateForHost
1665380072285	Marionette	INFO	Marionette enabled
2022-10-10 11:04:32.285 plugin-container[25815:4174565] nil host used in call to allowsAnyHTTPSCertificateForHost:
1665380072336	Marionette	INFO	Listening on port 60105
Read port: 60105
WebDriver BiDi listening on ws://127.0.0.1:60098
1665380072723	RemoteAgent	WARN	TLS certificate errors will be ignored for this session
console.warn: SearchSettings: "get: No settings file exists, new profile?" (new NotFoundError("Could not open the file at /var/folders/g4/jpzrpnj9299ffsqhd33y_qn00000gn/T/rust_mozprofileVsbfg5/search.json.mozlz4", (void 0)))
DevTools listening on ws://127.0.0.1:60098/devtools/browser/9bfcba63-e646-4922-8d23-9d3480ca3b8a
console.warn: LoginRecipes: "Falling back to a synchronous message for: https://www.flipkart.com."
JavaScript warning: https://static-assets-web.flixcart.com/px/gNtTli3A/init.js, line 2: WEBGL_debug_renderer_info is deprecated in Firefox and will be removed. Please use RENDERER.
1665380132824	geckodriver	INFO	Listening on 127.0.0.1:60259
1665380133337	mozrunner::runner	INFO	Running command: "/Applications/Firefox.app/Contents/MacOS/firefox-bin" "--marionette" "--remote-debugging-port" "60260" "--remote-allow-hosts" "localhost" "-foreground" "-no-remote" "-profile" "/var/folders/g4/jpzrpnj9299ffsqhd33y_qn00000gn/T/rust_mozprofileonlDrN"
2022-10-10 11:05:33.865 plugin-container[25864:4175898] nil host used in call to allowsSpecificHTTPSCertificateForHost
2022-10-10 11:05:33.866 plugin-container[25864:4175898] nil host used in call to allowsAnyHTTPSCertificateForHost:
2022-10-10 11:05:33.872 plugin-container[25864:4175898] nil host used in call to allowsSpecificHTTPSCertificateForHost
2022-10-10 11:05:33.872 plugin-container[25864:4175898] nil host used in call to allowsAnyHTTPSCertificateForHost:
2022-10-10 11:05:33.872 plugin-container[25864:4175926] nil host used in call to allowsSpecificHTTPSCertificateForHost
2022-10-10 11:05:33.872 plugin-container[25864:4175926] nil host used in call to allowsAnyHTTPSCertificateForHost:
1665380133878	Marionette	INFO	Marionette enabled
1665380133916	Marionette	INFO	Listening on port 60270
Read port: 60270
WebDriver BiDi listening on ws://127.0.0.1:60260
1665380134325	RemoteAgent	WARN	TLS certificate errors will be ignored for this session
console.warn: SearchSettings: "get: No settings file exists, new profile?" (new NotFoundError("Could not open the file at /var/folders/g4/jpzrpnj9299ffsqhd33y_qn00000gn/T/rust_mozprofileonlDrN/search.json.mozlz4", (void 0)))
DevTools listening on ws://127.0.0.1:60260/devtools/browser/79248c0c-438f-42a7-add1-4b2eda18cb88
JavaScript warning: https://static-assets-web.flixcart.com/px/gNtTli3A/init.js, line 2: WEBGL_debug_renderer_info is deprecated in Firefox and will be removed. Please use RENDERER.
console.warn: LoginRecipes: "Falling back to a synchronous message for: https://www.flipkart.com."
1665380361505	geckodriver	INFO	Listening on 127.0.0.1:61323
1665380362020	mozrunner::runner	INFO	Running command: "/Applications/Firefox.app/Contents/MacOS/firefox-bin" "--marionette" "--remote-debugging-port" "61324" "--remote-allow-hosts" "localhost" "-foreground" "-no-remote" "-profile" "/var/folders/g4/jpzrpnj9299ffsqhd33y_qn00000gn/T/rust_mozprofileurRku9"
2022-10-10 11:09:22.599 plugin-container[25984:4178745] nil host used in call to allowsSpecificHTTPSCertificateForHost
2022-10-10 11:09:22.599 plugin-container[25984:4178745] nil host used in call to allowsAnyHTTPSCertificateForHost:
2022-10-10 11:09:22.606 plugin-container[25984:4178745] nil host used in call to allowsSpecificHTTPSCertificateForHost
2022-10-10 11:09:22.606 plugin-container[25984:4178745] nil host used in call to allowsAnyHTTPSCertificateForHost:
2022-10-10 11:09:22.606 plugin-container[25984:4178773] nil host used in call to allowsSpecificHTTPSCertificateForHost
2022-10-10 11:09:22.606 plugin-container[25984:4178773] nil host used in call to allowsAnyHTTPSCertificateForHost:
1665380362612	Marionette	INFO	Marionette enabled
1665380362650	Marionette	INFO	Listening on port 61335
Read port: 61335
WebDriver BiDi listening on ws://127.0.0.1:61324
1665380363025	RemoteAgent	WARN	TLS certificate errors will be ignored for this session
console.warn: SearchSettings: "get: No settings file exists, new profile?" (new NotFoundError("Could not open the file at /var/folders/g4/jpzrpnj9299ffsqhd33y_qn00000gn/T/rust_mozprofileurRku9/search.json.mozlz4", (void 0)))
DevTools listening on ws://127.0.0.1:61324/devtools/browser/dff8e9c7-0dbe-4daf-8005-d26e21bcf2a8
1665380369293	Marionette	INFO	Stopped listening on port 58338
JavaScript error: , line 0: NotFoundError: No such JSWindowActor 'DevToolsFrame'
console.warn: LoginRecipes: "Falling back to a synchronous message for: https://www.flipkart.com."
JavaScript warning: https://static-assets-web.flixcart.com/px/gNtTli3A/init.js, line 2: WEBGL_debug_renderer_info is deprecated in Firefox and will be removed. Please use RENDERER.
1665380460156	geckodriver	INFO	Listening on 127.0.0.1:61923
1665380460166	mozrunner::runner	INFO	Running command: "/Applications/Firefox.app/Contents/MacOS/firefox-bin" "--marionette" "--remote-debugging-port" "61924" "--remote-allow-hosts" "localhost" "-foreground" "-no-remote" "-profile" "/var/folders/g4/jpzrpnj9299ffsqhd33y_qn00000gn/T/rust_mozprofilegfgJT2"
2022-10-10 11:11:00.582 plugin-container[26041:4180267] nil host used in call to allowsSpecificHTTPSCertificateForHost
2022-10-10 11:11:00.582 plugin-container[26041:4180267] nil host used in call to allowsAnyHTTPSCertificateForHost:
2022-10-10 11:11:00.587 plugin-container[26041:4180267] nil host used in call to allowsSpecificHTTPSCertificateForHost
2022-10-10 11:11:00.587 plugin-container[26041:4180267] nil host used in call to allowsAnyHTTPSCertificateForHost:
2022-10-10 11:11:00.588 plugin-container[26041:4180294] nil host used in call to allowsSpecificHTTPSCertificateForHost
2022-10-10 11:11:00.588 plugin-container[26041:4180294] nil host used in call to allowsAnyHTTPSCertificateForHost:
1665380460598	Marionette	INFO	Marionette enabled
1665380460634	Marionette	INFO	Listening on port 61940
Read port: 61940
WebDriver BiDi listening on ws://127.0.0.1:61924
1665380460968	RemoteAgent	WARN	TLS certificate errors will be ignored for this session
console.warn: SearchSettings: "get: No settings file exists, new profile?" (new NotFoundError("Could not open the file at /var/folders/g4/jpzrpnj9299ffsqhd33y_qn00000gn/T/rust_mozprofilegfgJT2/search.json.mozlz4", (void 0)))
DevTools listening on ws://127.0.0.1:61924/devtools/browser/0de53341-561e-4a87-8395-88291a6aa1ba
JavaScript warning: https://static-assets-web.flixcart.com/px/gNtTli3A/init.js, line 2: WEBGL_debug_renderer_info is deprecated in Firefox and will be removed. Please use RENDERER.
console.warn: LoginRecipes: "Falling back to a synchronous message for: https://www.flipkart.com."
console.warn: LoginRecipes: "Falling back to a synchronous message for: https://www.flipkart.com."
